<?xml version="1.0" encoding="UTF-8"?>
<testng-results skipped="0" failed="0" ignored="0" total="1" passed="1">
  <reporter-output>
    <line>
      <![CDATA[Hello world]]>
    </line>
  </reporter-output>
  <suite name="Default Suite" duration-ms="35" started-at="2017-12-27T11:16:58Z" finished-at="2017-12-27T11:16:58Z">
    <groups>
    </groups>
    <test name="Cursus" duration-ms="35" started-at="2017-12-27T11:16:58Z" finished-at="2017-12-27T11:16:58Z">
      <class name="exercises.Report">
        <test-method status="PASS" signature="report()[pri:0, instance:exercises.Report@1c53fd30]" name="report" duration-ms="9" started-at="2017-12-27T12:16:58Z" finished-at="2017-12-27T12:16:58Z">
          <reporter-output>
            <line>
              <![CDATA[Hello world]]>
            </line>
          </reporter-output>
        </test-method> <!-- report -->
      </class> <!-- exercises.Report -->
    </test> <!-- Cursus -->
  </suite> <!-- Default Suite -->
</testng-results>
